<?xml version="1.0" encoding="UTF-8"?>
<!-- Generated by org.testng.reporters.JUnitXMLReporter -->
<testsuite ignored="0" hostname="sony-VAIO" failures="0" tests="1" name="Default test(failed)" time="0.26" errors="0" timestamp="07 Dec 2017 01:24:39 GMT">
  <testcase classname="demo.verifyTitle" name="@BeforeTest openBrowser" time="0.172">
    <failure type="java.lang.IllegalStateException" message="The driver executable does not exist: C:\seleniumworkspace\TestNG\chromedriver.exe">
      <![CDATA[java.lang.IllegalStateException: The driver executable does not exist: C:\seleniumworkspace\TestNG\chromedriver.exeat com.google.common.base.Preconditions.checkState(Preconditions.java:534)at org.openqa.selenium.remote.service.DriverService.checkExecutable(DriverService.java:136)at org.openqa.selenium.remote.service.DriverService.findExecutable(DriverService.java:131)at org.openqa.selenium.chrome.ChromeDriverService.access$000(ChromeDriverService.java:32)at org.openqa.selenium.chrome.ChromeDriverService$Builder.findDefaultExecutable(ChromeDriverService.java:137)at org.openqa.selenium.remote.service.DriverService$Builder.build(DriverService.java:339)at org.openqa.selenium.chrome.ChromeDriverService.createDefaultService(ChromeDriverService.java:88)at org.openqa.selenium.chrome.ChromeDriver.<init>(ChromeDriver.java:123)at demo.verifyTitle.openBrowser(verifyTitle.java:24)... Removed 24 stack frames]]>
    </failure>
  </testcase> <!-- @BeforeTest openBrowser -->
  <testcase classname="demo.verifyTitle" name="@AfterTest closeBrowser" time="0.0">
    <skipped/>
  </testcase> <!-- @AfterTest closeBrowser -->
  <testcase classname="demo.verifyTitle" name="titleVerification" time="0.0">
    <skipped/>
  </testcase> <!-- titleVerification -->
</testsuite> <!-- Default test(failed) -->
